--------------------------------------------------
Circular Motion:

centerX = <center X coordinate>;
centerY = <center Y coordinate>;
radius = <radius of circle>;
speed = <time to complete full circle in seconds>
speedScale = (0.001 * 2 * Math.PI) / speed;
angle = <game time in milliseconds> * speedScale;
 
xCoord = centerX + sin(angle) * radius;
yCoord = centerY + cos(angle) * radius;
 
position = new Vector2(xCoord, yCoord);

--------------------------------------------------
Bitmap to Texture2D:

public Texture2D BitmapToTexture2D(GraphicsDevice GraphicsDevice, System.Drawing.Bitmap image)  
{  
 	// Buffer size is size of color array multiplied by 4 because   
 	// each pixel has four color bytes  
 	int bufferSize = image.Height * image.Width * 4;  
 	 
	// Create new memory stream and save image to stream so   
	// we don't have to save and read file  
	System.IO.MemoryStream memoryStream =   
 	    new System.IO.MemoryStream(bufferSize);  
 	image.Save(memoryStream, System.Drawing.Imaging.ImageFormat.Png);  
 	 
 	// Creates a texture from IO.Stream - our memory stream  
 	Texture2D texture = Texture2D.FromStream(  
	    GraphicsDevice, memoryStream);  
 	 
 	return texture;  
} 
--------------------------------------------------